  Car Rental OOP Project.cpp
C:\Users\aymane\source\repos\programming advices\11 - OOP as it Should Be (Applications)\Car Rental OOP Project\Car Rental OOP Project\clsString.h(35,25): warning C4267: 'return': conversion from 'size_t' to 'short', possible loss of data
C:\Users\aymane\source\repos\programming advices\11 - OOP as it Should Be (Applications)\Car Rental OOP Project\Car Rental OOP Project\clsString.h(40,29): warning C4267: 'return': conversion from 'size_t' to 'short', possible loss of data
C:\Users\aymane\source\repos\programming advices\11 - OOP as it Should Be (Applications)\Car Rental OOP Project\Car Rental OOP Project\clsString.h(52,30): warning C4267: '=': conversion from 'size_t' to 'short', possible loss of data
C:\Users\aymane\source\repos\programming advices\11 - OOP as it Should Be (Applications)\Car Rental OOP Project\Car Rental OOP Project\clsString.h(189,29): warning C4267: 'return': conversion from 'size_t' to 'short', possible loss of data
C:\Users\aymane\source\repos\programming advices\11 - OOP as it Should Be (Applications)\Car Rental OOP Project\Car Rental OOP Project\clsString.h(320,30): warning C4267: '=': conversion from 'size_t' to 'short', possible loss of data
C:\Users\aymane\source\repos\programming advices\11 - OOP as it Should Be (Applications)\Car Rental OOP Project\Car Rental OOP Project\clsString.h(368,22): warning C4267: 'initializing': conversion from 'size_t' to 'short', possible loss of data
C:\Users\aymane\source\repos\programming advices\11 - OOP as it Should Be (Applications)\Car Rental OOP Project\Car Rental OOP Project\clsAdmins.h(151,9): warning C4240: nonstandard extension used: access to 'clsAdmins::stLogin' now defined to be 'public', previously it was defined to be 'private'
C:\Users\aymane\source\repos\programming advices\11 - OOP as it Should Be (Applications)\Car Rental OOP Project\Car Rental OOP Project\clsAdmins.h(269,11): warning C4553: '==': result of expression not used; did you intend '='?
C:\Users\aymane\source\repos\programming advices\11 - OOP as it Should Be (Applications)\Car Rental OOP Project\Car Rental OOP Project\clsInputValidate.h(131,26): warning C4244: '=': conversion from 'double' to 'float', possible loss of data
C:\Users\aymane\source\repos\programming advices\11 - OOP as it Should Be (Applications)\Car Rental OOP Project\Car Rental OOP Project\clsCustomer.h(266,11): warning C4553: '==': result of expression not used; did you intend '='?
C:\Users\aymane\source\repos\programming advices\11 - OOP as it Should Be (Applications)\Car Rental OOP Project\Car Rental OOP Project\clsAddNewAdminScreen.h(64,11): warning C4129: 'A': unrecognized character escape sequence
C:\Users\aymane\source\repos\programming advices\11 - OOP as it Should Be (Applications)\Car Rental OOP Project\Car Rental OOP Project\clsUpdateAdminScreen.h(64,11): warning C4129: 'A': unrecognized character escape sequence
C:\Users\aymane\source\repos\programming advices\11 - OOP as it Should Be (Applications)\Car Rental OOP Project\Car Rental OOP Project\clsDeleteAdminScreen.h(11,11): warning C4129: 'A': unrecognized character escape sequence
C:\Users\aymane\source\repos\programming advices\11 - OOP as it Should Be (Applications)\Car Rental OOP Project\Car Rental OOP Project\clsFindAdminScreen.h(38,12): warning C4129: 'A': unrecognized character escape sequence
C:\Users\aymane\source\repos\programming advices\11 - OOP as it Should Be (Applications)\Car Rental OOP Project\Car Rental OOP Project\clsCars.h(265,11): warning C4553: '==': result of expression not used; did you intend '='?
C:\Users\aymane\source\repos\programming advices\11 - OOP as it Should Be (Applications)\Car Rental OOP Project\Car Rental OOP Project\clsAdmins.h(275,1): warning C4715: 'clsAdmins::Save': not all control paths return a value
C:\Users\aymane\source\repos\programming advices\11 - OOP as it Should Be (Applications)\Car Rental OOP Project\Car Rental OOP Project\clsCustomer.h(272,1): warning C4715: 'clsCustomer::Save': not all control paths return a value
C:\Users\aymane\source\repos\programming advices\11 - OOP as it Should Be (Applications)\Car Rental OOP Project\Car Rental OOP Project\clsCars.h(271,1): warning C4715: 'clsCars::Save': not all control paths return a value
  Car Rental OOP Project.vcxproj -> C:\Users\aymane\source\repos\programming advices\11 - OOP as it Should Be (Applications)\Car Rental OOP Project\x64\Debug\Car Rental OOP Project.exe
